07:42:46.978 [main] DEBUG - Parsing relationship: /_rels/.rels
07:42:47.000 [main] DEBUG - using default POIXMLDocumentPart for http://schemas.openxmlformats.org/officeDocument/2006/relationships/printerSettings
07:43:02.204 [main] INFO  - Goto my account-->Click on Login.. 
07:43:02.768 [main] DEBUG - Parsing relationship: /xl/_rels/workbook.xml.rels
07:43:02.771 [main] DEBUG - Parsing relationship: /xl/worksheets/_rels/sheet1.xml.rels
07:43:02.772 [main] DEBUG - Parsing relationship: /_rels/.rels
07:43:02.783 [main] DEBUG - using default POIXMLDocumentPart for http://schemas.openxmlformats.org/officeDocument/2006/relationships/printerSettings
07:43:18.446 [main] INFO  - Goto my account-->Click on Login.. 
07:43:19.010 [main] DEBUG - Parsing relationship: /xl/_rels/workbook.xml.rels
07:43:19.012 [main] DEBUG - Parsing relationship: /xl/worksheets/_rels/sheet1.xml.rels
07:43:19.013 [main] DEBUG - Parsing relationship: /_rels/.rels
07:43:19.027 [main] DEBUG - using default POIXMLDocumentPart for http://schemas.openxmlformats.org/officeDocument/2006/relationships/printerSettings
07:50:24.166 [main] INFO  - Goto my account-->Click on Login.. 
07:50:24.723 [main] INFO  - Entering email and password.. 
07:50:25.689 [main] INFO  - clicked on login button...
07:52:42.486 [main] INFO  - Goto my account-->Click on Login.. 
07:52:42.985 [main] INFO  - Entering email and password.. 
07:52:43.714 [main] INFO  - clicked on login button...
07:55:08.684 [main] INFO  - Goto my account-->Click on Login.. 
07:55:09.306 [main] INFO  - Entering email and password.. 
07:55:10.334 [main] INFO  - clicked on login button...
07:58:17.907 [main] INFO  - Goto my account-->Click on Login.. 
07:58:18.457 [main] INFO  - Entering email and password.. 
07:58:19.518 [main] INFO  - clicked on login button...
07:58:53.684 [main] INFO  - Goto my account-->Click on Login.. 
07:58:54.303 [main] INFO  - Entering email and password.. 
07:58:55.417 [main] INFO  - clicked on login button...
08:02:13.596 [main] INFO  - Goto my account-->Click on Login.. 
08:02:14.126 [main] INFO  - Entering email and password.. 
08:02:15.149 [main] INFO  - clicked on login button...
08:04:47.286 [main] INFO  - Goto my account-->Click on Login.. 
08:04:47.822 [main] INFO  - Entering email and password.. 
08:04:48.799 [main] INFO  - clicked on login button...
19:02:00.588 [main] INFO  - Goto my account-->Click on Login.. 
19:06:39.645 [main] INFO  - Goto my account-->Click on Login.. 
19:11:18.986 [main] INFO  - Goto my account-->Click on Login.. 
20:40:14.643 [main] INFO  - Goto my account-->Click on Login.. 
21:03:58.231 [main] INFO  - Goto my account-->Click on Login.. 
21:03:59.003 [main] INFO  - Entering email and password.. 
21:07:30.651 [main] INFO  - Goto my account-->Click on Login.. 
21:07:31.494 [main] INFO  - Entering email and password.. 
21:07:32.077 [main] INFO  - clicked on login button...
11:37:05.586 [main] INFO  - Goto my account-->Click on Login.. 
11:37:06.394 [main] INFO  - Entering email and password.. 
11:37:06.854 [main] INFO  - clicked on login button...
11:38:40.907 [main] INFO  - Goto my account-->Click on Login.. 
11:38:41.707 [main] INFO  - Entering email and password.. 
11:38:42.221 [main] INFO  - clicked on login button...
05:12:20.765 [main] INFO  - Goto my account-->Click on Login.. 
05:12:26.358 [main] INFO  - Goto my account-->Click on Login.. 
05:12:27.566 [main] INFO  - Entering email and password.. 
05:12:28.268 [main] INFO  - clicked on login button...
05:13:20.864 [main] INFO  - Goto my account-->Click on Login.. 
05:13:26.171 [main] INFO  - Goto my account-->Click on Login.. 
05:13:27.287 [main] INFO  - Entering email and password.. 
05:13:27.888 [main] INFO  - clicked on login button...
05:14:24.163 [main] INFO  - Goto my account-->Click on Login.. 
05:14:25.030 [main] INFO  - Entering email and password.. 
05:14:25.677 [main] INFO  - clicked on login button...
05:14:40.985 [main] INFO  - Goto my account-->Click on Login.. 
05:14:42.071 [main] INFO  - Entering email and password.. 
05:14:42.629 [main] INFO  - clicked on login button...
05:16:07.004 [main] INFO  - Goto my account-->Click on Login.. 
05:16:07.866 [main] INFO  - Entering email and password.. 
05:16:08.493 [main] INFO  - clicked on login button...
05:16:13.246 [main] INFO  - Goto my account-->Click on Login.. 
05:16:14.192 [main] INFO  - Entering email and password.. 
05:16:14.782 [main] INFO  - clicked on login button...
05:31:50.501 [main] INFO  - Goto my account-->Click on Login.. 
05:31:51.689 [main] DEBUG - Parsing relationship: /xl/_rels/workbook.xml.rels
05:31:51.694 [main] DEBUG - Parsing relationship: /xl/worksheets/_rels/sheet1.xml.rels
05:31:51.697 [main] DEBUG - Parsing relationship: /_rels/.rels
05:31:51.937 [main] TRACE - Loading type system org.apache.poi.schemas.ooxml.system.ooxml
05:31:51.942 [main] TRACE - Loading type system org.apache.xmlbeans.metadata.system.sXMLCONFIG
05:31:51.943 [main] TRACE - Loading type system org.apache.xmlbeans.metadata.system.sXMLLANG
05:31:51.944 [main] TRACE - Loading type system org.apache.xmlbeans.metadata.system.sXMLSCHEMA
05:31:51.945 [main] TRACE - Loading type system org.apache.xmlbeans.metadata.system.sXMLTOOLS
05:31:51.946 [main] TRACE - Reading unresolved handles for type system org.apache.xmlbeans.metadata.system.sXMLTOOLS
05:31:51.961 [main] TRACE - Finished loading type system org.apache.xmlbeans.metadata.system.sXMLTOOLS
05:31:51.963 [main] TRACE - Reading unresolved handles for type system org.apache.xmlbeans.metadata.system.sXMLSCHEMA
05:31:51.971 [main] TRACE - Finished loading type system org.apache.xmlbeans.metadata.system.sXMLSCHEMA
05:31:51.973 [main] TRACE - Reading unresolved handles for type system org.apache.xmlbeans.metadata.system.sXMLLANG
05:31:51.975 [main] TRACE - Finished loading type system org.apache.xmlbeans.metadata.system.sXMLLANG
05:31:51.977 [main] TRACE - Reading unresolved handles for type system org.apache.xmlbeans.metadata.system.sXMLCONFIG
05:31:51.979 [main] TRACE - Finished loading type system org.apache.xmlbeans.metadata.system.sXMLCONFIG
05:31:51.980 [main] TRACE - Reading unresolved handles for type system org.apache.poi.schemas.ooxml.system.ooxml
05:31:52.114 [main] TRACE - Finished loading type system org.apache.poi.schemas.ooxml.system.ooxml
05:31:52.116 [main] TRACE - Resolving type for handle themefd26doctype
05:31:52.255 [main] TRACE - Resolving type for handle stylesheet5d8bdoctype
05:31:52.264 [main] TRACE - Resolving type for handle ctstylesheet4257type
05:31:52.272 [main] TRACE - Resolving type for handle ctfonts6623type
05:31:52.277 [main] TRACE - Resolving type for handle ctfont14d8type
05:31:52.292 [main] TRACE - Resolving type for handle ctfills2c6ftype
05:31:52.296 [main] TRACE - Resolving type for handle ctfill550ctype
05:31:52.300 [main] TRACE - Resolving type for handle ctborders0d66type
05:31:52.305 [main] TRACE - Resolving type for handle ctborderf935type
05:31:52.310 [main] TRACE - Resolving type for handle ctcellxfs1322type
05:31:52.317 [main] TRACE - Resolving type for handle ctxf97f7type
05:31:52.327 [main] TRACE - Resolving type for handle ctcellstylexfsa81ftype
05:31:52.329 [main] TRACE - Resolving type for handle ctdxfsb26atype
05:31:52.329 [main] TRACE - Resolving type for handle cttablestyles872ftype
05:31:52.349 [main] TRACE - Resolving type for handle sstf81fdoctype
05:31:52.350 [main] TRACE - Resolving type for handle ctsst44f3type
05:31:52.384 [main] TRACE - Resolving type for handle ctrsta472type
05:31:52.427 [main] DEBUG - using default POIXMLDocumentPart for http://schemas.openxmlformats.org/officeDocument/2006/relationships/printerSettings
05:31:52.427 [main] TRACE - Resolving type for handle workbookec17doctype
05:31:52.449 [main] TRACE - Resolving type for handle ctworkbook83c3type
05:31:52.469 [main] TRACE - Resolving type for handle ctsheets49fdtype
05:31:52.475 [main] TRACE - Resolving type for handle ctsheet4dbetype
05:31:52.475 [main] TRACE - Resolving type for handle strelationshipid1e94type
05:31:52.487 [main] TRACE - Resolving type for handle worksheetf539doctype
05:31:52.505 [main] TRACE - Resolving type for handle ctworksheet530dtype
05:31:52.520 [main] TRACE - Resolving type for handle ctsheetdata8408type
05:31:52.520 [main] TRACE - Resolving type for handle ctrowdd39type
05:31:52.537 [main] TRACE - Resolving type for handle ctcell842btype
05:31:52.556 [main] TRACE - Resolving type for handle stcellrefe4e0type
05:31:52.585 [main] TRACE - Resolving type for handle ctcols627ctype
05:31:52.585 [main] TRACE - Resolving type for handle ctcola95ftype
05:31:52.634 [main] TRACE - Resolving type for handle cthyperlinks6416type
05:31:52.651 [main] TRACE - Resolving type for handle cthyperlink0c85type
05:31:52.651 [main] TRACE - Resolving type for handle stxstringf179type
05:31:52.667 [main] TRACE - Resolving type for handle stcelltypebf95type
05:32:08.464 [main] INFO  - Goto my account-->Click on Login.. 
05:32:09.443 [main] DEBUG - Parsing relationship: /xl/_rels/workbook.xml.rels
05:32:09.445 [main] DEBUG - Parsing relationship: /xl/worksheets/_rels/sheet1.xml.rels
05:32:09.454 [main] DEBUG - Parsing relationship: /_rels/.rels
05:32:09.543 [main] DEBUG - using default POIXMLDocumentPart for http://schemas.openxmlformats.org/officeDocument/2006/relationships/printerSettings
05:32:25.947 [main] INFO  - Goto my account-->Click on Login.. 
05:32:27.016 [main] DEBUG - Parsing relationship: /xl/_rels/workbook.xml.rels
05:32:27.019 [main] DEBUG - Parsing relationship: /xl/worksheets/_rels/sheet1.xml.rels
05:32:27.023 [main] DEBUG - Parsing relationship: /_rels/.rels
05:32:27.095 [main] DEBUG - using default POIXMLDocumentPart for http://schemas.openxmlformats.org/officeDocument/2006/relationships/printerSettings
05:32:42.478 [main] INFO  - Goto my account-->Click on Login.. 
05:32:43.386 [main] DEBUG - Parsing relationship: /xl/_rels/workbook.xml.rels
05:32:43.394 [main] DEBUG - Parsing relationship: /xl/worksheets/_rels/sheet1.xml.rels
05:32:43.398 [main] DEBUG - Parsing relationship: /_rels/.rels
05:32:43.479 [main] DEBUG - using default POIXMLDocumentPart for http://schemas.openxmlformats.org/officeDocument/2006/relationships/printerSettings
05:32:58.356 [main] INFO  - Goto my account-->Click on Login.. 
05:32:59.343 [main] DEBUG - Parsing relationship: /xl/_rels/workbook.xml.rels
05:32:59.343 [main] DEBUG - Parsing relationship: /xl/worksheets/_rels/sheet1.xml.rels
05:32:59.343 [main] DEBUG - Parsing relationship: /_rels/.rels
05:32:59.419 [main] DEBUG - using default POIXMLDocumentPart for http://schemas.openxmlformats.org/officeDocument/2006/relationships/printerSettings
05:44:45.054 [main] INFO  - Goto my account-->Click on Login.. 
05:44:46.238 [main] DEBUG - Parsing relationship: /xl/_rels/workbook.xml.rels
05:44:46.243 [main] DEBUG - Parsing relationship: /xl/worksheets/_rels/sheet1.xml.rels
05:44:46.246 [main] DEBUG - Parsing relationship: /_rels/.rels
05:44:46.469 [main] TRACE - Loading type system org.apache.poi.schemas.ooxml.system.ooxml
05:44:46.473 [main] TRACE - Loading type system org.apache.xmlbeans.metadata.system.sXMLCONFIG
05:44:46.475 [main] TRACE - Loading type system org.apache.xmlbeans.metadata.system.sXMLLANG
05:44:46.476 [main] TRACE - Loading type system org.apache.xmlbeans.metadata.system.sXMLSCHEMA
05:44:46.476 [main] TRACE - Loading type system org.apache.xmlbeans.metadata.system.sXMLTOOLS
05:44:46.479 [main] TRACE - Reading unresolved handles for type system org.apache.xmlbeans.metadata.system.sXMLTOOLS
05:44:46.495 [main] TRACE - Finished loading type system org.apache.xmlbeans.metadata.system.sXMLTOOLS
05:44:46.497 [main] TRACE - Reading unresolved handles for type system org.apache.xmlbeans.metadata.system.sXMLSCHEMA
05:44:46.505 [main] TRACE - Finished loading type system org.apache.xmlbeans.metadata.system.sXMLSCHEMA
05:44:46.507 [main] TRACE - Reading unresolved handles for type system org.apache.xmlbeans.metadata.system.sXMLLANG
05:44:46.509 [main] TRACE - Finished loading type system org.apache.xmlbeans.metadata.system.sXMLLANG
05:44:46.511 [main] TRACE - Reading unresolved handles for type system org.apache.xmlbeans.metadata.system.sXMLCONFIG
05:44:46.513 [main] TRACE - Finished loading type system org.apache.xmlbeans.metadata.system.sXMLCONFIG
05:44:46.515 [main] TRACE - Reading unresolved handles for type system org.apache.poi.schemas.ooxml.system.ooxml
05:44:46.645 [main] TRACE - Finished loading type system org.apache.poi.schemas.ooxml.system.ooxml
05:44:46.646 [main] TRACE - Resolving type for handle themefd26doctype
05:44:46.775 [main] TRACE - Resolving type for handle stylesheet5d8bdoctype
05:44:46.784 [main] TRACE - Resolving type for handle ctstylesheet4257type
05:44:46.790 [main] TRACE - Resolving type for handle ctfonts6623type
05:44:46.795 [main] TRACE - Resolving type for handle ctfont14d8type
05:44:46.804 [main] TRACE - Resolving type for handle ctfills2c6ftype
05:44:46.807 [main] TRACE - Resolving type for handle ctfill550ctype
05:44:46.811 [main] TRACE - Resolving type for handle ctborders0d66type
05:44:46.816 [main] TRACE - Resolving type for handle ctborderf935type
05:44:46.822 [main] TRACE - Resolving type for handle ctcellxfs1322type
05:44:46.827 [main] TRACE - Resolving type for handle ctxf97f7type
05:44:46.831 [main] TRACE - Resolving type for handle ctcellstylexfsa81ftype
05:44:46.834 [main] TRACE - Resolving type for handle ctdxfsb26atype
05:44:46.843 [main] TRACE - Resolving type for handle cttablestyles872ftype
05:44:46.852 [main] TRACE - Resolving type for handle sstf81fdoctype
05:44:46.863 [main] TRACE - Resolving type for handle ctsst44f3type
05:44:46.879 [main] TRACE - Resolving type for handle ctrsta472type
05:44:46.908 [main] DEBUG - using default POIXMLDocumentPart for http://schemas.openxmlformats.org/officeDocument/2006/relationships/printerSettings
05:44:46.909 [main] TRACE - Resolving type for handle workbookec17doctype
05:44:46.917 [main] TRACE - Resolving type for handle ctworkbook83c3type
05:44:46.925 [main] TRACE - Resolving type for handle ctsheets49fdtype
05:44:46.928 [main] TRACE - Resolving type for handle ctsheet4dbetype
05:44:46.930 [main] TRACE - Resolving type for handle strelationshipid1e94type
05:44:46.932 [main] TRACE - Resolving type for handle worksheetf539doctype
05:44:46.940 [main] TRACE - Resolving type for handle ctworksheet530dtype
05:44:46.953 [main] TRACE - Resolving type for handle ctsheetdata8408type
05:44:46.955 [main] TRACE - Resolving type for handle ctrowdd39type
05:44:46.961 [main] TRACE - Resolving type for handle ctcell842btype
05:44:46.970 [main] TRACE - Resolving type for handle stcellrefe4e0type
05:44:46.989 [main] TRACE - Resolving type for handle ctcols627ctype
05:44:46.990 [main] TRACE - Resolving type for handle ctcola95ftype
05:44:47.043 [main] TRACE - Resolving type for handle cthyperlinks6416type
05:44:47.043 [main] TRACE - Resolving type for handle cthyperlink0c85type
05:44:47.062 [main] TRACE - Resolving type for handle stxstringf179type
05:44:47.062 [main] TRACE - Resolving type for handle stcelltypebf95type
05:44:52.407 [main] INFO  - Goto my account-->Click on Login.. 
05:44:53.426 [main] DEBUG - Parsing relationship: /xl/_rels/workbook.xml.rels
05:44:53.435 [main] DEBUG - Parsing relationship: /xl/worksheets/_rels/sheet1.xml.rels
05:44:53.440 [main] DEBUG - Parsing relationship: /_rels/.rels
05:44:53.522 [main] DEBUG - using default POIXMLDocumentPart for http://schemas.openxmlformats.org/officeDocument/2006/relationships/printerSettings
05:45:07.735 [main] INFO  - Goto my account-->Click on Login.. 
05:45:08.681 [main] DEBUG - Parsing relationship: /xl/_rels/workbook.xml.rels
05:45:08.682 [main] DEBUG - Parsing relationship: /xl/worksheets/_rels/sheet1.xml.rels
05:45:08.687 [main] DEBUG - Parsing relationship: /_rels/.rels
05:45:08.759 [main] DEBUG - using default POIXMLDocumentPart for http://schemas.openxmlformats.org/officeDocument/2006/relationships/printerSettings
05:45:14.366 [main] INFO  - Goto my account-->Click on Login.. 
05:45:15.352 [main] DEBUG - Parsing relationship: /xl/_rels/workbook.xml.rels
05:45:15.354 [main] DEBUG - Parsing relationship: /xl/worksheets/_rels/sheet1.xml.rels
05:45:15.361 [main] DEBUG - Parsing relationship: /_rels/.rels
05:45:15.400 [main] DEBUG - using default POIXMLDocumentPart for http://schemas.openxmlformats.org/officeDocument/2006/relationships/printerSettings
05:45:29.842 [main] INFO  - Goto my account-->Click on Login.. 
05:45:30.866 [main] DEBUG - Parsing relationship: /xl/_rels/workbook.xml.rels
05:45:30.869 [main] DEBUG - Parsing relationship: /xl/worksheets/_rels/sheet1.xml.rels
05:45:30.869 [main] DEBUG - Parsing relationship: /_rels/.rels
05:45:30.949 [main] DEBUG - using default POIXMLDocumentPart for http://schemas.openxmlformats.org/officeDocument/2006/relationships/printerSettings
07:17:32.829 [main] INFO  - Goto my account-->Click on Login.. 
07:17:33.595 [main] INFO  - Entering email and password.. 
07:17:34.129 [main] INFO  - clicked on login button...
07:17:37.280 [main] INFO  - Goto my account-->Click on Login.. 
07:17:38.341 [main] INFO  - Entering email and password.. 
07:17:39.061 [main] INFO  - clicked on login button...
07:20:15.501 [main] INFO  - Goto my account-->Click on Login.. 
07:20:16.301 [main] INFO  - Entering email and password.. 
07:20:16.771 [main] INFO  - clicked on login button...
07:22:44.027 [main] INFO  - Goto my account-->Click on Login.. 
07:22:44.739 [main] INFO  - Entering email and password.. 
07:22:45.285 [main] INFO  - clicked on login button...
07:27:07.697 [main] INFO  - Goto my account-->Click on Login.. 
07:27:08.397 [main] INFO  - Entering email and password.. 
07:27:08.889 [main] INFO  - clicked on login button...
21:54:33.526 [main] INFO  - Goto my account-->Click on Login.. 
21:54:34.514 [main] INFO  - Entering email and password.. 
21:54:35.080 [main] INFO  - clicked on login button...
21:55:43.759 [main] INFO  - Goto my account-->Click on Login.. 
21:55:44.902 [main] INFO  - Entering email and password.. 
21:55:45.684 [main] INFO  - clicked on login button...
